# JRE version: Java(TM) SE Runtime Environment 18.9 (11.0.11+9) (build 11.0.11+9-LTS-194)
# Java VM: Java HotSpot(TM) 64-Bit Server VM 18.9 (11.0.11+9-LTS-194, mixed mode, tiered, compressed oops, g1 gc, windows-amd64)
Heap:
 garbage-first heap   total 143360K, used 76826K [0x00000000a1600000, 0x0000000100000000)
  region size 1024K, 50 young (51200K), 8 survivors (8192K)
 Metaspace       used 75362K, capacity 77264K, committed 77388K, reserved 1116160K
  class space    used 9756K, capacity 10514K, committed 10572K, reserved 1048576K
GC Heap History (10 events):
Event: 21.531 GC heap before
{Heap before GC invocations=14 (full 0):
 garbage-first heap   total 118784K, used 86218K [0x00000000a1600000, 0x0000000100000000)
  region size 1024K, 67 young (68608K), 7 survivors (7168K)
 Metaspace       used 54592K, capacity 55994K, committed 56064K, reserved 1097728K
  class space    used 6761K, capacity 7355K, committed 7424K, reserved 1048576K
}
Event: 21.561 GC heap after
{Heap after GC invocations=15 (full 0):
 garbage-first heap   total 118784K, used 26768K [0x00000000a1600000, 0x0000000100000000)
  region size 1024K, 6 young (6144K), 6 survivors (6144K)
 Metaspace       used 54592K, capacity 55994K, committed 56064K, reserved 1097728K
  class space    used 6761K, capacity 7355K, committed 7424K, reserved 1048576K
}
Event: 23.972 GC heap before
{Heap before GC invocations=15 (full 0):
 garbage-first heap   total 118784K, used 88208K [0x00000000a1600000, 0x0000000100000000)
  region size 1024K, 66 young (67584K), 6 survivors (6144K)
 Metaspace       used 63460K, capacity 64983K, committed 65152K, reserved 1105920K
  class space    used 8146K, capacity 8751K, committed 8832K, reserved 1048576K
}
Event: 24.000 GC heap after
{Heap after GC invocations=16 (full 0):
 garbage-first heap   total 118784K, used 28672K [0x00000000a1600000, 0x0000000100000000)
  region size 1024K, 4 young (4096K), 4 survivors (4096K)
 Metaspace       used 63460K, capacity 64983K, committed 65152K, reserved 1105920K
  class space    used 8146K, capacity 8751K, committed 8832K, reserved 1048576K
}
Event: 24.320 GC heap before
{Heap before GC invocations=16 (full 0):
 garbage-first heap   total 118784K, used 36864K [0x00000000a1600000, 0x0000000100000000)
  region size 1024K, 13 young (13312K), 4 survivors (4096K)
 Metaspace       used 64820K, capacity 66300K, committed 66348K, reserved 1107968K
  class space    used 8334K, capacity 8954K, committed 8960K, reserved 1048576K
}
Event: 24.334 GC heap after
{Heap after GC invocations=17 (full 0):
 garbage-first heap   total 143360K, used 28672K [0x00000000a1600000, 0x0000000100000000)
  region size 1024K, 4 young (4096K), 4 survivors (4096K)
 Metaspace       used 64820K, capacity 66300K, committed 66348K, reserved 1107968K
  class space    used 8334K, capacity 8954K, committed 8960K, reserved 1048576K
}
Event: 27.577 GC heap before
{Heap before GC invocations=18 (full 0):
 garbage-first heap   total 143360K, used 91136K [0x00000000a1600000, 0x0000000100000000)
  region size 1024K, 65 young (66560K), 4 survivors (4096K)
 Metaspace       used 70121K, capacity 71837K, committed 72140K, reserved 1112064K
  class space    used 9080K, capacity 9797K, committed 9932K, reserved 1048576K
}
Event: 27.596 GC heap after
{Heap after GC invocations=19 (full 0):
 garbage-first heap   total 143360K, used 31198K [0x00000000a1600000, 0x0000000100000000)
  region size 1024K, 7 young (7168K), 7 survivors (7168K)
 Metaspace       used 70121K, capacity 71837K, committed 72140K, reserved 1112064K
  class space    used 9080K, capacity 9797K, committed 9932K, reserved 1048576K
}
Event: 30.248 GC heap before
{Heap before GC invocations=20 (full 0):
 garbage-first heap   total 143360K, used 94686K [0x00000000a1600000, 0x0000000100000000)
  region size 1024K, 69 young (70656K), 7 survivors (7168K)
 Metaspace       used 73734K, capacity 75571K, committed 75852K, reserved 1114112K
  class space    used 9530K, capacity 10290K, committed 10316K, reserved 1048576K
}
Event: 30.273 GC heap after
{Heap after GC invocations=21 (full 0):
 garbage-first heap   total 143360K, used 34842K [0x00000000a1600000, 0x0000000100000000)
  region size 1024K, 8 young (8192K), 8 survivors (8192K)
 Metaspace       used 73734K, capacity 75571K, committed 75852K, reserved 1114112K
  class space    used 9530K, capacity 10290K, committed 10316K, reserved 1048576K
}

